<persistence xmlns="http://java.sun.com/xml/ns/persistence"
             xmlns:xsi="http://www.w3.org/2001/XMLSchema-instance"
             xsi:schemaLocation="http://java.sun.com/xml/ns/persistence http://java.sun.com/xml/ns/persistence/persistence_2_0.xsd"
             version="2.0">
        <persistence-unit name="test-manager">
            <provider>org.hibernate.jpa.HibernatePersistenceProvider</provider>
            <class>com.epam.lab.model.Author</class>
            <class>com.epam.lab.model.News</class>
            <class>com.epam.lab.model.Tag</class>
            <class>com.epam.lab.model.User</class>
            <class>com.epam.lab.model.UserRole</class>
            <properties>
                <property name="hibernate.dialect" value="org.hibernate.dialect.H2Dialect"/>
                <property name="hibernate.connection.driver_class" value="org.h2.Driver"/>
                <property name="hibernate.connection.url" value="jdbc:h2:mem:db;DB_CLOSE_DELAY=-1;"/>
                <property name="hibernate.connection.username" value="sa"/>
                <property name="hibernate.connection.password" value=""/>
            </properties>
        </persistence-unit>
</persistence>